Build started 2015-07-14 1:51:29 PM.
     1>Project "C:\Users\Anne\Documents\Assignment1\Framework\VS2012\Assignment1.vcxproj" on node 2 (Build target(s)).
     1>ClCompile:
         C:\Program Files (x86)\Microsoft Visual Studio 11.0\VC\bin\CL.exe /c /I"../ThirdParty/glew-1.10.0/include" /I"../ThirdParty/glfw-3.0.4/include" /I../ThirdParty/glm /ZI /nologo /W3 /WX- /Od /Oy- /D WIN32 /D _DEBUG /D _CONSOLE /D _UNICODE /D UNICODE /Gm /EHsc /RTC1 /MDd /GS /fp:precise /Zc:wchar_t /Zc:forScope /Fo"C:\Users\Anne\Documents\Assignment1\Framework\VS2012\/../Build/Debug/" /Fd"C:\Users\Anne\Documents\Assignment1\Framework\VS2012\/../Build/Debug/vc110.pdb" /Gd /TP /analyze- /errorReport:prompt ..\Source\Animation.cpp ..\Source\Model.cpp
         Model.cpp
         GLM: rotate function taking degrees as a parameter is deprecated. #define GLM_FORCE_RADIANS before including GLM headers to remove this message.
         Animation.cpp
     1>c:\users\anne\documents\assignment1\framework\source\animation.cpp(65): warning C4018: '<' : signed/unsigned mismatch
     1>c:\users\anne\documents\assignment1\framework\source\animation.cpp(174): warning C4244: 'argument' : conversion from 'double' to 'float', possible loss of data
         GLM: angleAxis function taking degrees as a parameter is deprecated. #define GLM_FORCE_RADIANS before including GLM headers to remove this message.
         Generating Code...
       Link:
         C:\Program Files (x86)\Microsoft Visual Studio 11.0\VC\bin\link.exe /ERRORREPORT:PROMPT /OUT:"C:\Users\Anne\Documents\Assignment1\Framework\VS2012\/../Bin/Assignment1-Debug.exe" /INCREMENTAL /NOLOGO /LIBPATH:"../ThirdParty/glew-1.10.0/lib/Release/Win32" /LIBPATH:"../ThirdParty/glfw-3.0.4/lib/Win32/lib-msvc110" opengl32.lib glew32s.lib glfw3.lib kernel32.lib user32.lib gdi32.lib winspool.lib comdlg32.lib advapi32.lib shell32.lib ole32.lib oleaut32.lib uuid.lib odbc32.lib odbccp32.lib kernel32.lib user32.lib gdi32.lib winspool.lib comdlg32.lib advapi32.lib shell32.lib ole32.lib oleaut32.lib uuid.lib odbc32.lib odbccp32.lib /MANIFEST /MANIFESTUAC:"level='asInvoker' uiAccess='false'" /manifest:embed /DEBUG /PDB:"C:\Users\Anne\Documents\Assignment1\Framework\VS2012\/../Bin/Assignment1-Debug.pdb" /SUBSYSTEM:CONSOLE /TLBID:1 /DYNAMICBASE /NXCOMPAT /IMPLIB:"C:\Users\Anne\Documents\Assignment1\Framework\VS2012\/../Bin/Assignment1-Debug.lib" /MACHINE:X86 C:\Users\Anne\Documents\Assignment1\Framework\VS2012\/../Build/Debug/Animation.obj
         C:\Users\Anne\Documents\Assignment1\Framework\VS2012\/../Build/Debug/Camera.obj
         C:\Users\Anne\Documents\Assignment1\Framework\VS2012\/../Build/Debug/FirstPersonCamera.obj
         C:\Users\Anne\Documents\Assignment1\Framework\VS2012\/../Build/Debug/SphereModel.obj
         C:\Users\Anne\Documents\Assignment1\Framework\VS2012\/../Build/Debug/StaticCamera.obj
         C:\Users\Anne\Documents\Assignment1\Framework\VS2012\/../Build/Debug/EventManager.obj
         C:\Users\Anne\Documents\Assignment1\Framework\VS2012\/../Build/Debug/main.obj
         C:\Users\Anne\Documents\Assignment1\Framework\VS2012\/../Build/Debug/Model.obj
         C:\Users\Anne\Documents\Assignment1\Framework\VS2012\/../Build/Debug/CubeModel.obj
         C:\Users\Anne\Documents\Assignment1\Framework\VS2012\/../Build/Debug/Renderer.obj
         C:\Users\Anne\Documents\Assignment1\Framework\VS2012\/../Build/Debug/World.obj
         Assignment1.vcxproj -> C:\Users\Anne\Documents\Assignment1\Framework\VS2012\/../Bin/Assignment1-Debug.exe
     1>Done Building Project "C:\Users\Anne\Documents\Assignment1\Framework\VS2012\Assignment1.vcxproj" (Build target(s)).

Build succeeded.

Time Elapsed 00:00:04.24
